#
# There is insufficient memory for the Java Runtime Environment to continue.
# Native memory allocation (malloc) failed to allocate 248512512 bytes for committing reserved memory.
# Possible reasons:
#   The system is out of physical RAM or swap space
#   In 32 bit mode, the process size limit was hit
# Possible solutions:
#   Reduce memory load on the system
#   Increase physical memory or swap space
#   Check if swap backing store is full
#   Use 64 bit Java on a 64 bit OS
#   Decrease Java heap size (-Xmx/-Xms)
#   Decrease number of Java threads
#   Decrease Java thread stack sizes (-Xss)
#   Set larger code cache with -XX:ReservedCodeCacheSize=
# This output file may be truncated or incomplete.
#
#  Out of Memory Error (os_linux.cpp:2798), pid=5945, tid=140553362552576
#
# JRE version: OpenJDK Runtime Environment (7.0_65-b32) (build 1.7.0_65-b32)
# Java VM: OpenJDK 64-Bit Server VM (24.65-b04 mixed mode linux-amd64 compressed oops)
# Failed to write core dump. Core dumps have been disabled. To enable core dumping, try "ulimit -c unlimited" before starting Java again
#

---------------  T H R E A D  ---------------

Current thread (0x00007fd528088000):  VMThread [stack: 0x00007fd5212f3000,0x00007fd5213f4000] [id=5955]

Stack: [0x00007fd5212f3000,0x00007fd5213f4000],  sp=0x00007fd5213f2490,  free space=1021k
Native frames: (J=compiled Java code, j=interpreted, Vv=VM code, C=native code)
V  [libjvm.so+0x948635]  VMError::report_and_die()+0x175
V  [libjvm.so+0x48b904]  report_vm_out_of_memory(char const*, int, unsigned long, char const*)+0x74
V  [libjvm.so+0x7c766b]  os::pd_commit_memory(char*, unsigned long, unsigned long, bool)+0xeb
V  [libjvm.so+0x7c212f]  os::commit_memory(char*, unsigned long, unsigned long, bool)+0x1f
V  [libjvm.so+0x8338bb]  PSVirtualSpace::expand_by(unsigned long)+0x5b
V  [libjvm.so+0x834710]  PSYoungGen::resize_generation(unsigned long, unsigned long)+0xb0
V  [libjvm.so+0x834dfb]  PSYoungGen::resize(unsigned long, unsigned long)+0x1b
V  [libjvm.so+0x8310e0]  PSScavenge::invoke_no_policy()+0xde0
V  [libjvm.so+0x8318b8]  PSScavenge::invoke()+0x38
V  [libjvm.so+0x7e8293]  ParallelScavengeHeap::failed_mem_allocate(unsigned long)+0x63
V  [libjvm.so+0x94a034]  VM_ParallelGCFailedAllocation::doit()+0x84
V  [libjvm.so+0x94e527]  VM_Operation::evaluate()+0x47
V  [libjvm.so+0x94ce98]  VMThread::evaluate_operation(VM_Operation*)+0x318
V  [libjvm.so+0x94d2f9]  VMThread::loop()+0x219
V  [libjvm.so+0x94d742]  VMThread::run()+0x72
V  [libjvm.so+0x7c4532]  java_start(Thread*)+0xf2

VM_Operation (0x00007fd5019c6730): ParallelGCFailedAllocation, mode: safepoint, requested by thread 0x00007fd528515000


---------------  P R O C E S S  ---------------

Java Threads: ( => current thread )
  0x00007fd528524000 JavaThread "Thread-4" [_thread_blocked, id=5970, stack(0x00007fd5015c5000,0x00007fd5016c6000)]
  0x00007fd528522800 JavaThread "clojure-agent-send-off-pool-2" [_thread_in_native, id=5969, stack(0x00007fd5016c6000,0x00007fd5017c7000)]
  0x00007fd528516800 JavaThread "clojure-agent-send-off-pool-1" [_thread_blocked, id=5968, stack(0x00007fd5017c7000,0x00007fd5018c8000)]
  0x00007fd528515000 JavaThread "clojure-agent-send-off-pool-0" [_thread_blocked, id=5967, stack(0x00007fd5018c8000,0x00007fd5019c9000)]
  0x00007fd5280bd800 JavaThread "Service Thread" daemon [_thread_blocked, id=5963, stack(0x00007fd520822000,0x00007fd520923000)]
  0x00007fd5280bb000 JavaThread "C1 CompilerThread3" daemon [_thread_blocked, id=5962, stack(0x00007fd520923000,0x00007fd520a24000)]
  0x00007fd5280b8800 JavaThread "C2 CompilerThread2" daemon [_thread_blocked, id=5961, stack(0x00007fd520a24000,0x00007fd520b25000)]
  0x00007fd5280b6800 JavaThread "C2 CompilerThread1" daemon [_thread_blocked, id=5960, stack(0x00007fd520b25000,0x00007fd520c26000)]
  0x00007fd5280b3800 JavaThread "C2 CompilerThread0" daemon [_thread_blocked, id=5959, stack(0x00007fd520c26000,0x00007fd520d27000)]
  0x00007fd5280b1800 JavaThread "Signal Dispatcher" daemon [_thread_blocked, id=5958, stack(0x00007fd520d27000,0x00007fd520e28000)]
  0x00007fd52808e800 JavaThread "Finalizer" daemon [_thread_blocked, id=5957, stack(0x00007fd5210f1000,0x00007fd5211f2000)]
  0x00007fd52808c800 JavaThread "Reference Handler" daemon [_thread_blocked, id=5956, stack(0x00007fd5211f2000,0x00007fd5212f3000)]
  0x00007fd52800a800 JavaThread "main" [_thread_blocked, id=5946, stack(0x00007fd531c32000,0x00007fd531d33000)]

Other Threads:
=>0x00007fd528088000 VMThread [stack: 0x00007fd5212f3000,0x00007fd5213f4000] [id=5955]
  0x00007fd5280c8000 WatcherThread [stack: 0x00007fd520721000,0x00007fd520822000] [id=5964]

VM state:at safepoint (normal execution)

VM Mutex/Monitor currently owned by a thread:  ([mutex/lock_event])
[0x00007fd528006b80] Threads_lock - owner thread: 0x00007fd528088000
[0x00007fd528007080] Heap_lock - owner thread: 0x00007fd528515000

Heap
 PSYoungGen      total 413184K, used 3968K [0x00000007d7000000, 0x00000007f0c00000, 0x0000000800000000)
  eden space 404992K, 0% used [0x00000007d7000000,0x00000007d7000000,0x00000007efb80000)
  from space 8192K, 48% used [0x00000007efb80000,0x00000007eff60000,0x00000007f0380000)
  to   space 7680K, 0% used [0x00000007f0380000,0x00000007f0380000,0x00000007f0b00000)
 ParOldGen       total 83968K, used 18340K [0x0000000785000000, 0x000000078a200000, 0x00000007d7000000)
  object space 83968K, 21% used [0x0000000785000000,0x00000007861e90e8,0x000000078a200000)
 PSPermGen       total 25600K, used 25363K [0x000000077aa00000, 0x000000077c300000, 0x0000000785000000)
  object space 25600K, 99% used [0x000000077aa00000,0x000000077c2c4c30,0x000000077c300000)

Card table byte_map: [0x00007fd52e2d8000,0x00007fd52e704000] byte_map_base: 0x00007fd52a703000

Polling page: 0x00007fd531d5f000

Code Cache  [0x00007fd522000000, 0x00007fd522530000, 0x00007fd528000000)
 total_blobs=2643 nmethods=2321 adapters=256 free_code_cache=93025Kb largest_free_block=95256512

Compilation events (10 events):
Event: 6.410 Thread 0x00007fd5280bb000 2322       1       org.sonatype.aether.resolution.VersionRangeResult::getVersions (5 bytes)
Event: 6.410 Thread 0x00007fd5280bb000 nmethod 2322 0x00007fd522526990 code [0x00007fd522526ae0, 0x00007fd522526c30]
Event: 6.410 Thread 0x00007fd5280bb000 2323       1       java.util.HashSet::isEmpty (8 bytes)
Event: 6.410 Thread 0x00007fd5280bb000 nmethod 2323 0x00007fd522526c90 code [0x00007fd522526de0, 0x00007fd522526f30]
Event: 6.410 Thread 0x00007fd5280bb000 2324       1       java.util.WeakHashMap::put (162 bytes)
Event: 6.410 Thread 0x00007fd5280bb000 nmethod 2324 0x00007fd522526fd0 code [0x00007fd522527180, 0x00007fd5225276b8]
Event: 6.410 Thread 0x00007fd5280bb000 2326       1       org.sonatype.aether.resolution.ArtifactDescriptorRequest::getArtifact (5 bytes)
Event: 6.410 Thread 0x00007fd5280bb000 nmethod 2326 0x00007fd5225279d0 code [0x00007fd522527b20, 0x00007fd522527c70]
Event: 6.410 Thread 0x00007fd5280bb000 2325       1       java.util.WeakHashMap$Entry::<init> (24 bytes)
Event: 6.411 Thread 0x00007fd5280bb000 nmethod 2325 0x00007fd522527cd0 code [0x00007fd522527e20, 0x00007fd522527ff0]

GC Heap History (10 events):
Event: 5.192 GC heap after
Heap after GC invocations=6 (full 0):
 PSYoungGen      total 134656K, used 6192K [0x00000007d7000000, 0x00000007dfb00000, 0x0000000800000000)
  eden space 126976K, 0% used [0x00000007d7000000,0x00000007d7000000,0x00000007dec00000)
  from space 7680K, 80% used [0x00000007df380000,0x00000007df98c010,0x00000007dfb00000)
  to   space 7680K, 0% used [0x00000007dec00000,0x00000007dec00000,0x00000007df380000)
 ParOldGen       total 83968K, used 4801K [0x0000000785000000, 0x000000078a200000, 0x00000007d7000000)
  object space 83968K, 5% used [0x0000000785000000,0x00000007854b0760,0x000000078a200000)
 PSPermGen       total 23552K, used 23418K [0x000000077aa00000, 0x000000077c100000, 0x0000000785000000)
  object space 23552K, 99% used [0x000000077aa00000,0x000000077c0de9e8,0x000000077c100000)
}
Event: 5.444 GC heap before
{Heap before GC invocations=7 (full 0):
 PSYoungGen      total 134656K, used 133168K [0x00000007d7000000, 0x00000007dfb00000, 0x0000000800000000)
  eden space 126976K, 100% used [0x00000007d7000000,0x00000007dec00000,0x00000007dec00000)
  from space 7680K, 80% used [0x00000007df380000,0x00000007df98c010,0x00000007dfb00000)
  to   space 7680K, 0% used [0x00000007dec00000,0x00000007dec00000,0x00000007df380000)
 ParOldGen       total 83968K, used 4801K [0x0000000785000000, 0x000000078a200000, 0x00000007d7000000)
  object space 83968K, 5% used [0x0000000785000000,0x00000007854b0760,0x000000078a200000)
 PSPermGen       total 23552K, used 23540K [0x000000077aa00000, 0x000000077c100000, 0x0000000785000000)
  object space 23552K, 99% used [0x000000077aa00000,0x000000077c0fd098,0x000000077c100000)
Event: 5.453 GC heap after
Heap after GC invocations=7 (full 0):
 PSYoungGen      total 134656K, used 4928K [0x00000007d7000000, 0x00000007e7700000, 0x0000000800000000)
  eden space 126976K, 0% used [0x00000007d7000000,0x00000007d7000000,0x00000007dec00000)
  from space 7680K, 64% used [0x00000007dec00000,0x00000007df0d0000,0x00000007df380000)
  to   space 7680K, 0% used [0x00000007e6f80000,0x00000007e6f80000,0x00000007e7700000)
 ParOldGen       total 83968K, used 7981K [0x0000000785000000, 0x000000078a200000, 0x00000007d7000000)
  object space 83968K, 9% used [0x0000000785000000,0x00000007857cb608,0x000000078a200000)
 PSPermGen       total 23552K, used 23540K [0x000000077aa00000, 0x000000077c100000, 0x0000000785000000)
  object space 23552K, 99% used [0x000000077aa00000,0x000000077c0fd098,0x000000077c100000)
}
Event: 5.632 GC heap before
{Heap before GC invocations=8 (full 0):
 PSYoungGen      total 134656K, used 131904K [0x00000007d7000000, 0x00000007e7700000, 0x0000000800000000)
  eden space 126976K, 100% used [0x00000007d7000000,0x00000007dec00000,0x00000007dec00000)
  from space 7680K, 64% used [0x00000007dec00000,0x00000007df0d0000,0x00000007df380000)
  to   space 7680K, 0% used [0x00000007e6f80000,0x00000007e6f80000,0x00000007e7700000)
 ParOldGen       total 83968K, used 7981K [0x0000000785000000, 0x000000078a200000, 0x00000007d7000000)
  object space 83968K, 9% used [0x0000000785000000,0x00000007857cb608,0x000000078a200000)
 PSPermGen       total 25600K, used 25338K [0x000000077aa00000, 0x000000077c300000, 0x0000000785000000)
  object space 25600K, 98% used [0x000000077aa00000,0x000000077c2be9f8,0x000000077c300000)
Event: 5.640 GC heap after
Heap after GC invocations=8 (full 0):
 PSYoungGen      total 261120K, used 2336K [0x00000007d7000000, 0x00000007e7800000, 0x0000000800000000)
  eden space 253440K, 0% used [0x00000007d7000000,0x00000007d7000000,0x00000007e6780000)
  from space 7680K, 30% used [0x00000007e6f80000,0x00000007e71c8000,0x00000007e7700000)
  to   space 8192K, 0% used [0x00000007e6780000,0x00000007e6780000,0x00000007e6f80000)
 ParOldGen       total 83968K, used 9884K [0x0000000785000000, 0x000000078a200000, 0x00000007d7000000)
  object space 83968K, 11% used [0x0000000785000000,0x00000007859a70e8,0x000000078a200000)
 PSPermGen       total 25600K, used 25338K [0x000000077aa00000, 0x000000077c300000, 0x0000000785000000)
  object space 25600K, 98% used [0x000000077aa00000,0x000000077c2be9f8,0x000000077c300000)
}
Event: 5.815 GC heap before
{Heap before GC invocations=9 (full 0):
 PSYoungGen      total 261120K, used 255776K [0x00000007d7000000, 0x00000007e7800000, 0x0000000800000000)
  eden space 253440K, 100% used [0x00000007d7000000,0x00000007e6780000,0x00000007e6780000)
  from space 7680K, 30% used [0x00000007e6f80000,0x00000007e71c8000,0x00000007e7700000)
  to   space 8192K, 0% used [0x00000007e6780000,0x00000007e6780000,0x00000007e6f80000)
 ParOldGen       total 83968K, used 9884K [0x0000000785000000, 0x000000078a200000, 0x00000007d7000000)
  object space 83968K, 11% used [0x0000000785000000,0x00000007859a70e8,0x000000078a200000)
 PSPermGen       total 25600K, used 25338K [0x000000077aa00000, 0x000000077c300000, 0x0000000785000000)
  object space 25600K, 98% used [0x000000077aa00000,0x000000077c2bea98,0x000000077c300000)
Event: 5.822 GC heap after
Heap after GC invocations=9 (full 0):
 PSYoungGen      total 261632K, used 5536K [0x00000007d7000000, 0x00000007f0b00000, 0x0000000800000000)
  eden space 253440K, 0% used [0x00000007d7000000,0x00000007d7000000,0x00000007e6780000)
  from space 8192K, 67% used [0x00000007e6780000,0x00000007e6ce8000,0x00000007e6f80000)
  to   space 7680K, 0% used [0x00000007f0380000,0x00000007f0380000,0x00000007f0b00000)
 ParOldGen       total 83968K, used 9956K [0x0000000785000000, 0x000000078a200000, 0x00000007d7000000)
  object space 83968K, 11% used [0x0000000785000000,0x00000007859b90e8,0x000000078a200000)
 PSPermGen       total 25600K, used 25338K [0x000000077aa00000, 0x000000077c300000, 0x0000000785000000)
  object space 25600K, 98% used [0x000000077aa00000,0x000000077c2bea98,0x000000077c300000)
}
Event: 6.114 GC heap before
{Heap before GC invocations=10 (full 0):
 PSYoungGen      total 261632K, used 258976K [0x00000007d7000000, 0x00000007f0b00000, 0x0000000800000000)
  eden space 253440K, 100% used [0x00000007d7000000,0x00000007e6780000,0x00000007e6780000)
  from space 8192K, 67% used [0x00000007e6780000,0x00000007e6ce8000,0x00000007e6f80000)
  to   space 7680K, 0% used [0x00000007f0380000,0x00000007f0380000,0x00000007f0b00000)
 ParOldGen       total 83968K, used 9956K [0x0000000785000000, 0x000000078a200000, 0x00000007d7000000)
  object space 83968K, 11% used [0x0000000785000000,0x00000007859b90e8,0x000000078a200000)
 PSPermGen       total 25600K, used 25355K [0x000000077aa00000, 0x000000077c300000, 0x0000000785000000)
  object space 25600K, 99% used [0x000000077aa00000,0x000000077c2c2d38,0x000000077c300000)
Event: 6.125 GC heap after
Heap after GC invocations=10 (full 0):
 PSYoungGen      total 412672K, used 6368K [0x00000007d7000000, 0x00000007f0c00000, 0x0000000800000000)
  eden space 404992K, 0% used [0x00000007d7000000,0x00000007d7000000,0x00000007efb80000)
  from space 7680K, 82% used [0x00000007f0380000,0x00000007f09b8000,0x00000007f0b00000)
  to   space 8192K, 0% used [0x00000007efb80000,0x00000007efb80000,0x00000007f0380000)
 ParOldGen       total 83968K, used 12092K [0x0000000785000000, 0x000000078a200000, 0x00000007d7000000)
  object space 83968K, 14% used [0x0000000785000000,0x0000000785bcf0e8,0x000000078a200000)
 PSPermGen       total 25600K, used 25355K [0x000000077aa00000, 0x000000077c300000, 0x0000000785000000)
  object space 25600K, 99% used [0x000000077aa00000,0x000000077c2c2d38,0x000000077c300000)
}
Event: 6.436 GC heap before
{Heap before GC invocations=11 (full 0):
 PSYoungGen      total 412672K, used 411360K [0x00000007d7000000, 0x00000007f0c00000, 0x0000000800000000)
  eden space 404992K, 100% used [0x00000007d7000000,0x00000007efb80000,0x00000007efb80000)
  from space 7680K, 82% used [0x00000007f0380000,0x00000007f09b8000,0x00000007f0b00000)
  to   space 8192K, 0% used [0x00000007efb80000,0x00000007efb80000,0x00000007f0380000)
 ParOldGen       total 83968K, used 12092K [0x0000000785000000, 0x000000078a200000, 0x00000007d7000000)
  object space 83968K, 14% used [0x0000000785000000,0x0000000785bcf0e8,0x000000078a200000)
 PSPermGen       total 25600K, used 25363K [0x000000077aa00000, 0x000000077c300000, 0x0000000785000000)
  object space 25600K, 99% used [0x000000077aa00000,0x000000077c2c4c30,0x000000077c300000)

Deoptimization events (0 events):
No events

Internal exceptions (10 events):
Event: 5.503 Thread 0x00007fd52800a800 Threw 0x00000007d82d5e18 at /build/buildd/openjdk-7-7u65-2.5.1/build/openjdk/hotspot/src/share/vm/prims/jvm.cpp:1247
Event: 5.503 Thread 0x00007fd52800a800 Threw 0x00000007d82d9b48 at /build/buildd/openjdk-7-7u65-2.5.1/build/openjdk/hotspot/src/share/vm/prims/jvm.cpp:1247
Event: 5.503 Thread 0x00007fd52800a800 Threw 0x00000007d82dfe88 at /build/buildd/openjdk-7-7u65-2.5.1/build/openjdk/hotspot/src/share/vm/prims/jvm.cpp:1247
Event: 5.503 Thread 0x00007fd52800a800 Threw 0x00000007d82e3d60 at /build/buildd/openjdk-7-7u65-2.5.1/build/openjdk/hotspot/src/share/vm/prims/jvm.cpp:1247
Event: 5.592 Thread 0x00007fd52800a800 Threw 0x00000007d9aa8838 at /build/buildd/openjdk-7-7u65-2.5.1/build/openjdk/hotspot/src/share/vm/prims/jvm.cpp:1247
Event: 5.593 Thread 0x00007fd52800a800 Threw 0x00000007d9aaae78 at /build/buildd/openjdk-7-7u65-2.5.1/build/openjdk/hotspot/src/share/vm/prims/jvm.cpp:1247
Event: 5.951 Thread 0x00007fd528516800 Threw 0x00000007e4164388 at /build/buildd/openjdk-7-7u65-2.5.1/build/openjdk/hotspot/src/share/vm/prims/jni.cpp:721
Event: 5.951 Thread 0x00007fd528516800 Threw 0x00000007e4164938 at /build/buildd/openjdk-7-7u65-2.5.1/build/openjdk/hotspot/src/share/vm/runtime/reflection.cpp:1030
Event: 6.112 Thread 0x00007fd528515000 Threw 0x00000007e6616678 at /build/buildd/openjdk-7-7u65-2.5.1/build/openjdk/hotspot/src/share/vm/prims/jni.cpp:721
Event: 6.112 Thread 0x00007fd528515000 Threw 0x00000007e6616bf8 at /build/buildd/openjdk-7-7u65-2.5.1/build/openjdk/hotspot/src/share/vm/runtime/reflection.cpp:1030

Events (10 events):
Event: 6.129 Executing VM operation: RevokeBias done
Event: 6.129 Executing VM operation: RevokeBias
Event: 6.129 Executing VM operation: RevokeBias done
Event: 6.134 Executing VM operation: RevokeBias
Event: 6.134 Executing VM operation: RevokeBias done
Event: 6.282 loading class 0x00007fd4d00d3af0
Event: 6.282 loading class 0x00007fd4d00d3af0 done
Event: 6.285 Executing VM operation: RevokeBias
Event: 6.286 Executing VM operation: RevokeBias done
Event: 6.436 Executing VM operation: ParallelGCFailedAllocation


Dynamic libraries:
00400000-00401000 r-xp 00000000 08:04 17826414                           /usr/lib/jvm/java-7-openjdk-amd64/jre/bin/java
00600000-00601000 r--p 00000000 08:04 17826414                           /usr/lib/jvm/java-7-openjdk-amd64/jre/bin/java
00601000-00602000 rw-p 00001000 08:04 17826414                           /usr/lib/jvm/java-7-openjdk-amd64/jre/bin/java
0185a000-0187b000 rw-p 00000000 00:00 0                                  [heap]
77aa00000-77c300000 rw-p 00000000 00:00 0 
77c300000-785000000 rw-p 00000000 00:00 0 
785000000-78a200000 rw-p 00000000 00:00 0 
78a200000-7d7000000 rw-p 00000000 00:00 0 
7d7000000-7f0c00000 rw-p 00000000 00:00 0 
7ff900000-800000000 rw-p 00000000 00:00 0 
7fd4b8000000-7fd4b8021000 rw-p 00000000 00:00 0 
7fd4b8021000-7fd4bc000000 ---p 00000000 00:00 0 
7fd4c0000000-7fd4c004c000 rw-p 00000000 00:00 0 
7fd4c004c000-7fd4c4000000 ---p 00000000 00:00 0 
7fd4c4000000-7fd4c4021000 rw-p 00000000 00:00 0 
7fd4c4021000-7fd4c8000000 ---p 00000000 00:00 0 
7fd4c8000000-7fd4c8021000 rw-p 00000000 00:00 0 
7fd4c8021000-7fd4cc000000 ---p 00000000 00:00 0 
7fd4cc000000-7fd4cc0ce000 rw-p 00000000 00:00 0 
7fd4cc0ce000-7fd4d0000000 ---p 00000000 00:00 0 
7fd4d0000000-7fd4d039f000 rw-p 00000000 00:00 0 
7fd4d039f000-7fd4d4000000 ---p 00000000 00:00 0 
7fd4d4000000-7fd4d4021000 rw-p 00000000 00:00 0 
7fd4d4021000-7fd4d8000000 ---p 00000000 00:00 0 
7fd4d8000000-7fd4d8021000 rw-p 00000000 00:00 0 
7fd4d8021000-7fd4dc000000 ---p 00000000 00:00 0 
7fd4dc000000-7fd4dc021000 rw-p 00000000 00:00 0 
7fd4dc021000-7fd4e0000000 ---p 00000000 00:00 0 
7fd4e0000000-7fd4e0021000 rw-p 00000000 00:00 0 
7fd4e0021000-7fd4e4000000 ---p 00000000 00:00 0 
7fd4e4000000-7fd4e4021000 rw-p 00000000 00:00 0 
7fd4e4021000-7fd4e8000000 ---p 00000000 00:00 0 
7fd4e8000000-7fd4e8021000 rw-p 00000000 00:00 0 
7fd4e8021000-7fd4ec000000 ---p 00000000 00:00 0 
7fd4ec000000-7fd4ec021000 rw-p 00000000 00:00 0 
7fd4ec021000-7fd4f0000000 ---p 00000000 00:00 0 
7fd4f0000000-7fd4f02ef000 rw-p 00000000 00:00 0 
7fd4f02ef000-7fd4f4000000 ---p 00000000 00:00 0 
7fd4f7d50000-7fd4fc000000 rw-p 00000000 00:00 0 
7fd4fc000000-7fd4fc021000 rw-p 00000000 00:00 0 
7fd4fc021000-7fd500000000 ---p 00000000 00:00 0 
7fd5015c5000-7fd5015c8000 ---p 00000000 00:00 0 
7fd5015c8000-7fd5016c6000 rw-p 00000000 00:00 0                          [stack:5970]
7fd5016c6000-7fd5016c9000 ---p 00000000 00:00 0 
7fd5016c9000-7fd5017c7000 rw-p 00000000 00:00 0                          [stack:5969]
7fd5017c7000-7fd5017ca000 ---p 00000000 00:00 0 
7fd5017ca000-7fd5018c8000 rw-p 00000000 00:00 0                          [stack:5968]
7fd5018c8000-7fd5018cb000 ---p 00000000 00:00 0 
7fd5018cb000-7fd5019c9000 rw-p 00000000 00:00 0                          [stack:5967]
7fd5019c9000-7fd501a40000 r-xp 00000000 08:04 15467553                   /usr/lib/x86_64-linux-gnu/nss/libfreebl3.so
7fd501a40000-7fd501c40000 ---p 00077000 08:04 15467553                   /usr/lib/x86_64-linux-gnu/nss/libfreebl3.so
7fd501c40000-7fd501c41000 r--p 00077000 08:04 15467553                   /usr/lib/x86_64-linux-gnu/nss/libfreebl3.so
7fd501c41000-7fd501c42000 rw-p 00078000 08:04 15467553                   /usr/lib/x86_64-linux-gnu/nss/libfreebl3.so
7fd501c42000-7fd501c46000 rw-p 00000000 00:00 0 
7fd501c46000-7fd501cfa000 r-xp 00000000 08:04 15204462                   /usr/lib/x86_64-linux-gnu/libsqlite3.so.0.8.6
7fd501cfa000-7fd501efa000 ---p 000b4000 08:04 15204462                   /usr/lib/x86_64-linux-gnu/libsqlite3.so.0.8.6
7fd501efa000-7fd501efc000 r--p 000b4000 08:04 15204462                   /usr/lib/x86_64-linux-gnu/libsqlite3.so.0.8.6
7fd501efc000-7fd501efe000 rw-p 000b6000 08:04 15204462                   /usr/lib/x86_64-linux-gnu/libsqlite3.so.0.8.6
7fd501efe000-7fd501eff000 rw-p 00000000 00:00 0 
7fd501eff000-7fd501f40000 r-xp 00000000 08:04 15467587                   /usr/lib/x86_64-linux-gnu/nss/libsoftokn3.so
7fd501f40000-7fd502140000 ---p 00041000 08:04 15467587                   /usr/lib/x86_64-linux-gnu/nss/libsoftokn3.so
7fd502140000-7fd502141000 r--p 00041000 08:04 15467587                   /usr/lib/x86_64-linux-gnu/nss/libsoftokn3.so
7fd502141000-7fd502142000 rw-p 00042000 08:04 15467587                   /usr/lib/x86_64-linux-gnu/nss/libsoftokn3.so
7fd502142000-7fd50217a000 r-xp 00000000 08:04 15210159                   /usr/lib/x86_64-linux-gnu/libnspr4.so
7fd50217a000-7fd50237a000 ---p 00038000 08:04 15210159                   /usr/lib/x86_64-linux-gnu/libnspr4.so
7fd50237a000-7fd50237b000 r--p 00038000 08:04 15210159                   /usr/lib/x86_64-linux-gnu/libnspr4.so
7fd50237b000-7fd50237c000 rw-p 00039000 08:04 15210159                   /usr/lib/x86_64-linux-gnu/libnspr4.so
7fd50237c000-7fd50237f000 rw-p 00000000 00:00 0 
7fd50237f000-7fd502382000 r-xp 00000000 08:04 15209773                   /usr/lib/x86_64-linux-gnu/libplds4.so
7fd502382000-7fd502581000 ---p 00003000 08:04 15209773                   /usr/lib/x86_64-linux-gnu/libplds4.so
7fd502581000-7fd502582000 r--p 00002000 08:04 15209773                   /usr/lib/x86_64-linux-gnu/libplds4.so
7fd502582000-7fd502583000 rw-p 00003000 08:04 15209773                   /usr/lib/x86_64-linux-gnu/libplds4.so
7fd502583000-7fd502587000 r-xp 00000000 08:04 15206216                   /usr/lib/x86_64-linux-gnu/libplc4.so
7fd502587000-7fd502786000 ---p 00004000 08:04 15206216                   /usr/lib/x86_64-linux-gnu/libplc4.so
7fd502786000-7fd502787000 r--p 00003000 08:04 15206216                   /usr/lib/x86_64-linux-gnu/libplc4.so
7fd502787000-7fd502788000 rw-p 00004000 08:04 15206216                   /usr/lib/x86_64-linux-gnu/libplc4.so
7fd502788000-7fd5027ad000 r-xp 00000000 08:04 15206545                   /usr/lib/x86_64-linux-gnu/libnssutil3.so
7fd5027ad000-7fd5029ac000 ---p 00025000 08:04 15206545                   /usr/lib/x86_64-linux-gnu/libnssutil3.so
7fd5029ac000-7fd5029b2000 r--p 00024000 08:04 15206545                   /usr/lib/x86_64-linux-gnu/libnssutil3.so
7fd5029b2000-7fd5029b3000 rw-p 0002a000 08:04 15206545                   /usr/lib/x86_64-linux-gnu/libnssutil3.so
7fd5029b3000-7fd502ae5000 r-xp 00000000 08:04 15211209                   /usr/lib/x86_64-linux-gnu/libnss3.so
7fd502ae5000-7fd502ce5000 ---p 00132000 08:04 15211209                   /usr/lib/x86_64-linux-gnu/libnss3.so
7fd502ce5000-7fd502ce9000 r--p 00132000 08:04 15211209                   /usr/lib/x86_64-linux-gnu/libnss3.so
7fd502ce9000-7fd502ceb000 rw-p 00136000 08:04 15211209                   /usr/lib/x86_64-linux-gnu/libnss3.so
7fd502ceb000-7fd502cec000 rw-p 00000000 00:00 0 
7fd502cec000-7fd502cfc000 r-xp 00000000 08:04 17825866                   /usr/lib/jvm/java-7-openjdk-amd64/jre/lib/amd64/libj2pkcs11.so
7fd502cfc000-7fd502efb000 ---p 00010000 08:04 17825866                   /usr/lib/jvm/java-7-openjdk-amd64/jre/lib/amd64/libj2pkcs11.so
7fd502efb000-7fd502efc000 r--p 0000f000 08:04 17825866                   /usr/lib/jvm/java-7-openjdk-amd64/jre/lib/amd64/libj2pkcs11.so
7fd502efc000-7fd502efd000 rw-p 00010000 08:04 17825866                   /usr/lib/jvm/java-7-openjdk-amd64/jre/lib/amd64/libj2pkcs11.so
7fd502efd000-7fd502f3a000 r-xp 00000000 08:04 23724136                   /lib/x86_64-linux-gnu/libpcre.so.3.13.1
7fd502f3a000-7fd503139000 ---p 0003d000 08:04 23724136                   /lib/x86_64-linux-gnu/libpcre.so.3.13.1
7fd503139000-7fd50313a000 r--p 0003c000 08:04 23724136                   /lib/x86_64-linux-gnu/libpcre.so.3.13.1
7fd50313a000-7fd50313b000 rw-p 0003d000 08:04 23724136                   /lib/x86_64-linux-gnu/libpcre.so.3.13.1
7fd50313b000-7fd503142000 r-xp 00000000 08:04 15204714                   /usr/lib/x86_64-linux-gnu/libffi.so.6.0.1
7fd503142000-7fd503341000 ---p 00007000 08:04 15204714                   /usr/lib/x86_64-linux-gnu/libffi.so.6.0.1
7fd503341000-7fd503342000 r--p 00006000 08:04 15204714                   /usr/lib/x86_64-linux-gnu/libffi.so.6.0.1
7fd503342000-7fd503343000 rw-p 00007000 08:04 15204714                   /usr/lib/x86_64-linux-gnu/libffi.so.6.0.1
7fd503343000-7fd50335a000 r-xp 00000000 08:04 23728425                   /lib/x86_64-linux-gnu/libresolv-2.19.so
7fd50335a000-7fd50355a000 ---p 00017000 08:04 23728425                   /lib/x86_64-linux-gnu/libresolv-2.19.so
7fd50355a000-7fd50355b000 r--p 00017000 08:04 23728425                   /lib/x86_64-linux-gnu/libresolv-2.19.so
7fd50355b000-7fd50355c000 rw-p 00018000 08:04 23728425                   /lib/x86_64-linux-gnu/libresolv-2.19.so
7fd50355c000-7fd50355e000 rw-p 00000000 00:00 0 
7fd50355e000-7fd50357e000 r-xp 00000000 08:04 23727678                   /lib/x86_64-linux-gnu/libselinux.so.1
7fd50357e000-7fd50377d000 ---p 00020000 08:04 23727678                   /lib/x86_64-linux-gnu/libselinux.so.1
7fd50377d000-7fd50377e000 r--p 0001f000 08:04 23727678                   /lib/x86_64-linux-gnu/libselinux.so.1
7fd50377e000-7fd50377f000 rw-p 00020000 08:04 23727678                   /lib/x86_64-linux-gnu/libselinux.so.1
7fd50377f000-7fd503781000 rw-p 00000000 00:00 0 
7fd503781000-7fd503784000 r-xp 00000000 08:04 15211414                   /usr/lib/x86_64-linux-gnu/libgmodule-2.0.so.0.4000.0
7fd503784000-7fd503983000 ---p 00003000 08:04 15211414                   /usr/lib/x86_64-linux-gnu/libgmodule-2.0.so.0.4000.0
7fd503983000-7fd503984000 r--p 00002000 08:04 15211414                   /usr/lib/x86_64-linux-gnu/libgmodule-2.0.so.0.4000.0
7fd503984000-7fd503985000 rw-p 00003000 08:04 15211414                   /usr/lib/x86_64-linux-gnu/libgmodule-2.0.so.0.4000.0
7fd503985000-7fd503a8b000 r-xp 00000000 08:04 23727815                   /lib/x86_64-linux-gnu/libglib-2.0.so.0.4000.0
7fd503a8b000-7fd503c8a000 ---p 00106000 08:04 23727815                   /lib/x86_64-linux-gnu/libglib-2.0.so.0.4000.0
7fd503c8a000-7fd503c8b000 r--p 00105000 08:04 23727815                   /lib/x86_64-linux-gnu/libglib-2.0.so.0.4000.0
7fd503c8b000-7fd503c8c000 rw-p 00106000 08:04 23727815                   /lib/x86_64-linux-gnu/libglib-2.0.so.0.4000.0
7fd503c8c000-7fd503c8d000 rw-p 00000000 00:00 0 
7fd503c8d000-7fd503df8000 r-xp 00000000 08:04 15207978                   /usr/lib/x86_64-linux-gnu/libgio-2.0.so.0.4000.0
7fd503df8000-7fd503ff8000 ---p 0016b000 08:04 15207978                   /usr/lib/x86_64-linux-gnu/libgio-2.0.so.0.4000.0
7fd503ff8000-7fd503ffc000 r--p 0016b000 08:04 15207978                   /usr/lib/x86_64-linux-gnu/libgio-2.0.so.0.4000.0
7fd503ffc000-7fd503ffe000 rw-p 0016f000 08:04 15207978                   /usr/lib/x86_64-linux-gnu/libgio-2.0.so.0.4000.0
7fd503ffe000-7fd504000000 rw-p 00000000 00:00 0 
7fd504000000-7fd504021000 rw-p 00000000 00:00 0 
7fd504021000-7fd508000000 ---p 00000000 00:00 0 
7fd508000000-7fd508021000 rw-p 00000000 00:00 0 
7fd508021000-7fd50c000000 ---p 00000000 00:00 0 
7fd50c000000-7fd50c021000 rw-p 00000000 00:00 0 
7fd50c021000-7fd510000000 ---p 00000000 00:00 0 
7fd510000000-7fd510021000 rw-p 00000000 00:00 0 
7fd510021000-7fd514000000 ---p 00000000 00:00 0 
7fd514000000-7fd514021000 rw-p 00000000 00:00 0 
7fd514021000-7fd518000000 ---p 00000000 00:00 0 
7fd518000000-7fd518021000 rw-p 00000000 00:00 0 
7fd518021000-7fd51c000000 ---p 00000000 00:00 0 
7fd51c000000-7fd51c021000 rw-p 00000000 00:00 0 
7fd51c021000-7fd520000000 ---p 00000000 00:00 0 
7fd520046000-7fd520075000 r--s 002e9000 08:04 13112235                   /home/ruben/.m2/repository/org/clojure/clojure/1.2.1/clojure-1.2.1.jar
7fd520075000-7fd5200a6000 rw-p 00000000 00:00 0 
7fd5200a6000-7fd5200f5000 r-xp 00000000 08:04 15207966                   /usr/lib/x86_64-linux-gnu/libgobject-2.0.so.0.4000.0
7fd5200f5000-7fd5202f5000 ---p 0004f000 08:04 15207966                   /usr/lib/x86_64-linux-gnu/libgobject-2.0.so.0.4000.0
7fd5202f5000-7fd5202f6000 r--p 0004f000 08:04 15207966                   /usr/lib/x86_64-linux-gnu/libgobject-2.0.so.0.4000.0
7fd5202f6000-7fd5202f7000 rw-p 00050000 08:04 15207966                   /usr/lib/x86_64-linux-gnu/libgobject-2.0.so.0.4000.0
7fd5202f7000-7fd52030e000 r-xp 00000000 08:04 17825933                   /usr/lib/jvm/java-7-openjdk-amd64/jre/lib/amd64/libnet.so
7fd52030e000-7fd52050d000 ---p 00017000 08:04 17825933                   /usr/lib/jvm/java-7-openjdk-amd64/jre/lib/amd64/libnet.so
7fd52050d000-7fd52050e000 r--p 00016000 08:04 17825933                   /usr/lib/jvm/java-7-openjdk-amd64/jre/lib/amd64/libnet.so
7fd52050e000-7fd52050f000 rw-p 00017000 08:04 17825933                   /usr/lib/jvm/java-7-openjdk-amd64/jre/lib/amd64/libnet.so
7fd52050f000-7fd52051f000 r-xp 00000000 08:04 17826189                   /usr/lib/jvm/java-7-openjdk-amd64/jre/lib/amd64/libnio.so
7fd52051f000-7fd52071f000 ---p 00010000 08:04 17826189                   /usr/lib/jvm/java-7-openjdk-amd64/jre/lib/amd64/libnio.so
7fd52071f000-7fd520720000 r--p 00010000 08:04 17826189                   /usr/lib/jvm/java-7-openjdk-amd64/jre/lib/amd64/libnio.so
7fd520720000-7fd520721000 rw-p 00011000 08:04 17826189                   /usr/lib/jvm/java-7-openjdk-amd64/jre/lib/amd64/libnio.so
7fd520721000-7fd520722000 ---p 00000000 00:00 0 
7fd520722000-7fd520822000 rw-p 00000000 00:00 0                          [stack:5964]
7fd520822000-7fd520825000 ---p 00000000 00:00 0 
7fd520825000-7fd520923000 rw-p 00000000 00:00 0                          [stack:5963]
7fd520923000-7fd520926000 ---p 00000000 00:00 0 
7fd520926000-7fd520a24000 rw-p 00000000 00:00 0                          [stack:5962]
7fd520a24000-7fd520a27000 ---p 00000000 00:00 0 
7fd520a27000-7fd520b25000 rw-p 00000000 00:00 0                          [stack:5961]
7fd520b25000-7fd520b28000 ---p 00000000 00:00 0 
7fd520b28000-7fd520c26000 rw-p 00000000 00:00 0                          [stack:5960]
7fd520c26000-7fd520c29000 ---p 00000000 00:00 0 
7fd520c29000-7fd520d27000 rw-p 00000000 00:00 0                          [stack:5959]
7fd520d27000-7fd520d2a000 ---p 00000000 00:00 0 
7fd520d2a000-7fd520e28000 rw-p 00000000 00:00 0                          [stack:5958]
7fd520e28000-7fd5210f1000 r--p 00000000 08:04 15205769                   /usr/lib/locale/locale-archive
7fd5210f1000-7fd5210f4000 ---p 00000000 00:00 0 
7fd5210f4000-7fd5211f2000 rw-p 00000000 00:00 0                          [stack:5957]
7fd5211f2000-7fd5211f5000 ---p 00000000 00:00 0 
7fd5211f5000-7fd5212f3000 rw-p 00000000 00:00 0                          [stack:5956]
7fd5212f3000-7fd5212f4000 ---p 00000000 00:00 0 
7fd5212f4000-7fd522000000 rw-p 00000000 00:00 0                          [stack:5955]
7fd522000000-7fd522530000 rwxp 00000000 00:00 0 
7fd522530000-7fd5286fc000 rw-p 00000000 00:00 0 
7fd5286fc000-7fd52c000000 ---p 00000000 00:00 0 
7fd52c01b000-7fd52c01c000 rw-p 00000000 00:00 0 
7fd52c01c000-7fd52c01d000 r--s 00001000 08:04 22943744                   /home/ruben/.m2/repository/fs/fs/1.1.2/fs-1.1.2.jar
7fd52c01d000-7fd52c01e000 r--s 00001000 08:04 12848354                   /home/ruben/.m2/repository/org/clojure/core.contracts/0.0.1/core.contracts-0.0.1.jar
7fd52c01e000-7fd52c020000 r--s 00001000 08:04 4989883                    /home/ruben/.m2/repository/leinjacker/leinjacker/0.4.1/leinjacker-0.4.1.jar
7fd52c020000-7fd52c022000 r--s 00003000 08:04 4989884                    /home/ruben/.m2/repository/lein-ring/lein-ring/0.8.7/lein-ring-0.8.7.jar
7fd52c022000-7fd52c024000 r--s 00000000 08:04 12848341                   /home/ruben/.m2/repository/org/clojure/core.unify/0.5.3/core.unify-0.5.3.jar
7fd52c024000-7fd52c029000 r--s 00032000 08:04 22029759                   /home/ruben/.m2/repository/org/apache/commons/commons-compress/1.3/commons-compress-1.3.jar
7fd52c029000-7fd52d061000 rw-p 00000000 00:00 0 
7fd52d061000-7fd52d14a000 r--s 00c25000 08:04 535575                     /home/ruben/.lein/self-installs/leiningen-2.3.4-standalone.jar
7fd52d14a000-7fd52d193000 rw-p 00000000 00:00 0 
7fd52d193000-7fd52d344000 r--s 01d21000 08:04 17826397                   /usr/lib/jvm/java-7-openjdk-amd64/jre/lib/rt.jar
7fd52d344000-7fd52d840000 rw-p 00000000 00:00 0 
7fd52d840000-7fd52d841000 ---p 00000000 00:00 0 
7fd52d841000-7fd52d941000 rw-p 00000000 00:00 0                          [stack:5954]
7fd52d941000-7fd52d942000 ---p 00000000 00:00 0 
7fd52d942000-7fd52da42000 rw-p 00000000 00:00 0                          [stack:5953]
7fd52da42000-7fd52da43000 ---p 00000000 00:00 0 
7fd52da43000-7fd52db43000 rw-p 00000000 00:00 0                          [stack:5952]
7fd52db43000-7fd52db44000 ---p 00000000 00:00 0 
7fd52db44000-7fd52dc44000 rw-p 00000000 00:00 0                          [stack:5951]
7fd52dc44000-7fd52dc45000 ---p 00000000 00:00 0 
7fd52dc45000-7fd52dd45000 rw-p 00000000 00:00 0                          [stack:5950]
7fd52dd45000-7fd52dd46000 ---p 00000000 00:00 0 
7fd52dd46000-7fd52de46000 rw-p 00000000 00:00 0                          [stack:5949]
7fd52de46000-7fd52de47000 ---p 00000000 00:00 0 
7fd52de47000-7fd52df47000 rw-p 00000000 00:00 0                          [stack:5948]
7fd52df47000-7fd52df48000 ---p 00000000 00:00 0 
7fd52df48000-7fd52e071000 rw-p 00000000 00:00 0                          [stack:5947]
7fd52e071000-7fd52e2d8000 rw-p 00000000 00:00 0 
7fd52e2d8000-7fd52e2e5000 rw-p 00000000 00:00 0 
7fd52e2e5000-7fd52e32b000 rw-p 00000000 00:00 0 
7fd52e32b000-7fd52e354000 rw-p 00000000 00:00 0 
7fd52e354000-7fd52e5bb000 rw-p 00000000 00:00 0 
7fd52e5bb000-7fd52e689000 rw-p 00000000 00:00 0 
7fd52e689000-7fd52e703000 rw-p 00000000 00:00 0 
7fd52e703000-7fd52e719000 rw-p 00000000 00:00 0 
7fd52e719000-7fd52e884000 rw-p 00000000 00:00 0 
7fd52e884000-7fd52e88c000 r-xp 00000000 08:04 17825865                   /usr/lib/jvm/java-7-openjdk-amd64/jre/lib/amd64/libzip.so
7fd52e88c000-7fd52ea8b000 ---p 00008000 08:04 17825865                   /usr/lib/jvm/java-7-openjdk-amd64/jre/lib/amd64/libzip.so
7fd52ea8b000-7fd52ea8c000 r--p 00007000 08:04 17825865                   /usr/lib/jvm/java-7-openjdk-amd64/jre/lib/amd64/libzip.so
7fd52ea8c000-7fd52ea8d000 rw-p 00008000 08:04 17825865                   /usr/lib/jvm/java-7-openjdk-amd64/jre/lib/amd64/libzip.so
7fd52ea8d000-7fd52ea98000 r-xp 00000000 08:04 23733073                   /lib/x86_64-linux-gnu/libnss_files-2.19.so
7fd52ea98000-7fd52ec97000 ---p 0000b000 08:04 23733073                   /lib/x86_64-linux-gnu/libnss_files-2.19.so
7fd52ec97000-7fd52ec98000 r--p 0000a000 08:04 23733073                   /lib/x86_64-linux-gnu/libnss_files-2.19.so
7fd52ec98000-7fd52ec99000 rw-p 0000b000 08:04 23733073                   /lib/x86_64-linux-gnu/libnss_files-2.19.so
7fd52ec99000-7fd52eca4000 r-xp 00000000 08:04 23733076                   /lib/x86_64-linux-gnu/libnss_nis-2.19.so
7fd52eca4000-7fd52eea3000 ---p 0000b000 08:04 23733076                   /lib/x86_64-linux-gnu/libnss_nis-2.19.so
7fd52eea3000-7fd52eea4000 r--p 0000a000 08:04 23733076                   /lib/x86_64-linux-gnu/libnss_nis-2.19.so
7fd52eea4000-7fd52eea5000 rw-p 0000b000 08:04 23733076                   /lib/x86_64-linux-gnu/libnss_nis-2.19.so
7fd52eea5000-7fd52eebc000 r-xp 00000000 08:04 23728430                   /lib/x86_64-linux-gnu/libnsl-2.19.so
7fd52eebc000-7fd52f0bb000 ---p 00017000 08:04 23728430                   /lib/x86_64-linux-gnu/libnsl-2.19.so
7fd52f0bb000-7fd52f0bc000 r--p 00016000 08:04 23728430                   /lib/x86_64-linux-gnu/libnsl-2.19.so
7fd52f0bc000-7fd52f0bd000 rw-p 00017000 08:04 23728430                   /lib/x86_64-linux-gnu/libnsl-2.19.so
7fd52f0bd000-7fd52f0bf000 rw-p 00000000 00:00 0 
7fd52f0bf000-7fd52f0c8000 r-xp 00000000 08:04 23728374                   /lib/x86_64-linux-gnu/libnss_compat-2.19.so
7fd52f0c8000-7fd52f2c7000 ---p 00009000 08:04 23728374                   /lib/x86_64-linux-gnu/libnss_compat-2.19.so
7fd52f2c7000-7fd52f2c8000 r--p 00008000 08:04 23728374                   /lib/x86_64-linux-gnu/libnss_compat-2.19.so
7fd52f2c8000-7fd52f2c9000 rw-p 00009000 08:04 23728374                   /lib/x86_64-linux-gnu/libnss_compat-2.19.so
7fd52f2c9000-7fd52f2f4000 r-xp 00000000 08:04 17825846                   /usr/lib/jvm/java-7-openjdk-amd64/jre/lib/amd64/libjava.so
7fd52f2f4000-7fd52f4f4000 ---p 0002b000 08:04 17825846                   /usr/lib/jvm/java-7-openjdk-amd64/jre/lib/amd64/libjava.so
7fd52f4f4000-7fd52f4f5000 r--p 0002b000 08:04 17825846                   /usr/lib/jvm/java-7-openjdk-amd64/jre/lib/amd64/libjava.so
7fd52f4f5000-7fd52f4f7000 rw-p 0002c000 08:04 17825846                   /usr/lib/jvm/java-7-openjdk-amd64/jre/lib/amd64/libjava.so
7fd52f4f7000-7fd52f507000 r-xp 00000000 08:04 17825954                   /usr/lib/jvm/java-7-openjdk-amd64/jre/lib/amd64/libverify.so
7fd52f507000-7fd52f706000 ---p 00010000 08:04 17825954                   /usr/lib/jvm/java-7-openjdk-amd64/jre/lib/amd64/libverify.so
7fd52f706000-7fd52f708000 r--p 0000f000 08:04 17825954                   /usr/lib/jvm/java-7-openjdk-amd64/jre/lib/amd64/libverify.so
7fd52f708000-7fd52f709000 rw-p 00011000 08:04 17825954                   /usr/lib/jvm/java-7-openjdk-amd64/jre/lib/amd64/libverify.so
7fd52f709000-7fd52f710000 r-xp 00000000 08:04 23728448                   /lib/x86_64-linux-gnu/librt-2.19.so
7fd52f710000-7fd52f90f000 ---p 00007000 08:04 23728448                   /lib/x86_64-linux-gnu/librt-2.19.so
7fd52f90f000-7fd52f910000 r--p 00006000 08:04 23728448                   /lib/x86_64-linux-gnu/librt-2.19.so
7fd52f910000-7fd52f911000 rw-p 00007000 08:04 23728448                   /lib/x86_64-linux-gnu/librt-2.19.so
7fd52f911000-7fd52f927000 r-xp 00000000 08:04 23724092                   /lib/x86_64-linux-gnu/libgcc_s.so.1
7fd52f927000-7fd52fb26000 ---p 00016000 08:04 23724092                   /lib/x86_64-linux-gnu/libgcc_s.so.1
7fd52fb26000-7fd52fb27000 rw-p 00015000 08:04 23724092                   /lib/x86_64-linux-gnu/libgcc_s.so.1
7fd52fb27000-7fd52fc2c000 r-xp 00000000 08:04 23733053                   /lib/x86_64-linux-gnu/libm-2.19.so
7fd52fc2c000-7fd52fe2b000 ---p 00105000 08:04 23733053                   /lib/x86_64-linux-gnu/libm-2.19.so
7fd52fe2b000-7fd52fe2c000 r--p 00104000 08:04 23733053                   /lib/x86_64-linux-gnu/libm-2.19.so
7fd52fe2c000-7fd52fe2d000 rw-p 00105000 08:04 23733053                   /lib/x86_64-linux-gnu/libm-2.19.so
7fd52fe2d000-7fd52ff13000 r-xp 00000000 08:04 15212307                   /usr/lib/x86_64-linux-gnu/libstdc++.so.6.0.19
7fd52ff13000-7fd530112000 ---p 000e6000 08:04 15212307                   /usr/lib/x86_64-linux-gnu/libstdc++.so.6.0.19
7fd530112000-7fd53011a000 r--p 000e5000 08:04 15212307                   /usr/lib/x86_64-linux-gnu/libstdc++.so.6.0.19
7fd53011a000-7fd53011c000 rw-p 000ed000 08:04 15212307                   /usr/lib/x86_64-linux-gnu/libstdc++.so.6.0.19
7fd53011c000-7fd530131000 rw-p 00000000 00:00 0 
7fd530131000-7fd530c47000 r-xp 00000000 08:04 17826187                   /usr/lib/jvm/java-7-openjdk-amd64/jre/lib/amd64/server/libjvm.so
7fd530c47000-7fd530e46000 ---p 00b16000 08:04 17826187                   /usr/lib/jvm/java-7-openjdk-amd64/jre/lib/amd64/server/libjvm.so
7fd530e46000-7fd530ee0000 r--p 00b15000 08:04 17826187                   /usr/lib/jvm/java-7-openjdk-amd64/jre/lib/amd64/server/libjvm.so
7fd530ee0000-7fd530f03000 rw-p 00baf000 08:04 17826187                   /usr/lib/jvm/java-7-openjdk-amd64/jre/lib/amd64/server/libjvm.so
7fd530f03000-7fd530f31000 rw-p 00000000 00:00 0 
7fd530f31000-7fd530f49000 r-xp 00000000 08:04 23733022                   /lib/x86_64-linux-gnu/libz.so.1.2.8
7fd530f49000-7fd531148000 ---p 00018000 08:04 23733022                   /lib/x86_64-linux-gnu/libz.so.1.2.8
7fd531148000-7fd531149000 r--p 00017000 08:04 23733022                   /lib/x86_64-linux-gnu/libz.so.1.2.8
7fd531149000-7fd53114a000 rw-p 00018000 08:04 23733022                   /lib/x86_64-linux-gnu/libz.so.1.2.8
7fd53114a000-7fd531163000 r-xp 00000000 08:04 23733090                   /lib/x86_64-linux-gnu/libpthread-2.19.so
7fd531163000-7fd531362000 ---p 00019000 08:04 23733090                   /lib/x86_64-linux-gnu/libpthread-2.19.so
7fd531362000-7fd531363000 r--p 00018000 08:04 23733090                   /lib/x86_64-linux-gnu/libpthread-2.19.so
7fd531363000-7fd531364000 rw-p 00019000 08:04 23733090                   /lib/x86_64-linux-gnu/libpthread-2.19.so
7fd531364000-7fd531368000 rw-p 00000000 00:00 0 
7fd531368000-7fd53136b000 r-xp 00000000 08:04 23733086                   /lib/x86_64-linux-gnu/libdl-2.19.so
7fd53136b000-7fd53156a000 ---p 00003000 08:04 23733086                   /lib/x86_64-linux-gnu/libdl-2.19.so
7fd53156a000-7fd53156b000 r--p 00002000 08:04 23733086                   /lib/x86_64-linux-gnu/libdl-2.19.so
7fd53156b000-7fd53156c000 rw-p 00003000 08:04 23733086                   /lib/x86_64-linux-gnu/libdl-2.19.so
7fd53156c000-7fd531727000 r-xp 00000000 08:04 23733037                   /lib/x86_64-linux-gnu/libc-2.19.so
7fd531727000-7fd531927000 ---p 001bb000 08:04 23733037                   /lib/x86_64-linux-gnu/libc-2.19.so
7fd531927000-7fd53192b000 r--p 001bb000 08:04 23733037                   /lib/x86_64-linux-gnu/libc-2.19.so
7fd53192b000-7fd53192d000 rw-p 001bf000 08:04 23733037                   /lib/x86_64-linux-gnu/libc-2.19.so
7fd53192d000-7fd531932000 rw-p 00000000 00:00 0 
7fd531932000-7fd53193f000 r-xp 00000000 08:04 17826195                   /usr/lib/jvm/java-7-openjdk-amd64/jre/lib/amd64/jli/libjli.so
7fd53193f000-7fd531b3e000 ---p 0000d000 08:04 17826195                   /usr/lib/jvm/java-7-openjdk-amd64/jre/lib/amd64/jli/libjli.so
7fd531b3e000-7fd531b3f000 r--p 0000c000 08:04 17826195                   /usr/lib/jvm/java-7-openjdk-amd64/jre/lib/amd64/jli/libjli.so
7fd531b3f000-7fd531b40000 rw-p 0000d000 08:04 17826195                   /usr/lib/jvm/java-7-openjdk-amd64/jre/lib/amd64/jli/libjli.so
7fd531b40000-7fd531b63000 r-xp 00000000 08:04 23733043                   /lib/x86_64-linux-gnu/ld-2.19.so
7fd531b63000-7fd531bec000 rw-p 00000000 00:00 0 
7fd531bec000-7fd531c32000 rw-p 00000000 00:00 0 
7fd531c32000-7fd531c35000 ---p 00000000 00:00 0 
7fd531c35000-7fd531d38000 rw-p 00000000 00:00 0                          [stack:5946]
7fd531d38000-7fd531d39000 r--s 00000000 08:04 4989823                    /home/ruben/.m2/repository/lein-cljsbuild/cljs-compat/1.0.0-SNAPSHOT/cljs-compat-1.0.0-SNAPSHOT.jar
7fd531d39000-7fd531d3a000 r--s 00003000 08:04 4990004                    /home/ruben/.m2/repository/lein-cljsbuild/lein-cljsbuild/1.0.3/lein-cljsbuild-1.0.3.jar
7fd531d3a000-7fd531d3b000 r--s 00000000 08:04 4989882                    /home/ruben/.m2/repository/lein-pdo/lein-pdo/0.1.1/lein-pdo-0.1.1.jar
7fd531d3b000-7fd531d3c000 r--s 00001000 08:04 12848053                   /home/ruben/.m2/repository/org/clojure/data.xml/0.0.6/data.xml-0.0.6.jar
7fd531d3c000-7fd531d3f000 r--s 00017000 08:04 17826399                   /usr/lib/jvm/java-7-openjdk-amd64/jre/lib/jce.jar
7fd531d3f000-7fd531d44000 r--s 0004c000 08:04 17826208                   /usr/lib/jvm/java-7-openjdk-amd64/jre/lib/jsse.jar
7fd531d44000-7fd531d46000 r--s 00006000 08:04 15467912                   /usr/share/java/java-atk-wrapper.jar
7fd531d46000-7fd531d49000 r--s 00032000 08:04 17826330                   /usr/lib/jvm/java-7-openjdk-amd64/jre/lib/ext/sunjce_provider.jar
7fd531d49000-7fd531d4c000 r--s 0000f000 08:04 17826325                   /usr/lib/jvm/java-7-openjdk-amd64/jre/lib/ext/pulse-java.jar
7fd531d4c000-7fd531d4f000 r--s 0003c000 08:04 17826334                   /usr/lib/jvm/java-7-openjdk-amd64/jre/lib/ext/sunpkcs11.jar
7fd531d4f000-7fd531d50000 r--s 00002000 08:04 17826332                   /usr/lib/jvm/java-7-openjdk-amd64/jre/lib/ext/dnsns.jar
7fd531d50000-7fd531d54000 r--s 00085000 08:04 17826258                   /usr/lib/jvm/java-7-openjdk-amd64/jre/lib/ext/localedata.jar
7fd531d54000-7fd531d56000 r--s 00012000 08:04 17826328                   /usr/lib/jvm/java-7-openjdk-amd64/jre/lib/ext/zipfs.jar
7fd531d56000-7fd531d5e000 rw-s 00000000 08:04 17961918                   /tmp/hsperfdata_ruben/5945
7fd531d5e000-7fd531d5f000 rw-p 00000000 00:00 0 
7fd531d5f000-7fd531d60000 ---p 00000000 00:00 0 
7fd531d60000-7fd531d62000 rw-p 00000000 00:00 0 
7fd531d62000-7fd531d63000 r--p 00022000 08:04 23733043                   /lib/x86_64-linux-gnu/ld-2.19.so
7fd531d63000-7fd531d64000 rw-p 00023000 08:04 23733043                   /lib/x86_64-linux-gnu/ld-2.19.so
7fd531d64000-7fd531d65000 rw-p 00000000 00:00 0 
7fff1f59c000-7fff1f5be000 rw-p 00000000 00:00 0                          [stack]
7fff1f5e2000-7fff1f5e4000 r-xp 00000000 00:00 0                          [vdso]
ffffffffff600000-ffffffffff601000 r-xp 00000000 00:00 0                  [vsyscall]

VM Arguments:
jvm_args: -Xbootclasspath/a:/home/ruben/.lein/self-installs/leiningen-2.3.4-standalone.jar -XX:+TieredCompilation -XX:TieredStopAtLevel=1 -Dfile.encoding=UTF-8 -Dmaven.wagon.http.ssl.easy=false -Dleiningen.original.pwd=/home/ruben/desarrollo/clojurescriptws/front-desafio -Dleiningen.script=/home/ruben/bin/lein 
java_command: clojure.main -m leiningen.core.main repl
Launcher Type: SUN_STANDARD

Environment Variables:
JAVA_HOME=/usr/lib/jvm/java-7-openjdk-amd64
CLASSPATH=:/home/ruben/.lein/self-installs/leiningen-2.3.4-standalone.jar
PATH=/usr/local/heroku/bin:/home/ruben/.rvm/gems/ruby-1.9.3-p125/bin:/home/ruben/.rvm/gems/ruby-1.9.3-p125@global/bin:/home/ruben/.rvm/rubies/ruby-1.9.3-p125/bin:/home/ruben/.rvm/bin:/home/ruben/.rvm/bin:/home/ruben/bin:/usr/local/sbin:/usr/local/bin:/usr/sbin:/usr/bin:/sbin:/bin:/usr/games:/usr/local/games:/home/ruben/.rvm/bin:/home/ruben/bin
LD_LIBRARY_PATH=/opt/oracle/instantclient
SHELL=/bin/bash
DISPLAY=:0

Signal Handlers:
SIGSEGV: [libjvm.so+0x949110], sa_mask[0]=0x7ffbfeff, sa_flags=0x10000004
SIGBUS: [libjvm.so+0x949110], sa_mask[0]=0x7ffbfeff, sa_flags=0x10000004
SIGFPE: [libjvm.so+0x7c2e80], sa_mask[0]=0x7ffbfeff, sa_flags=0x10000004
SIGPIPE: SIG_IGN, sa_mask[0]=0x00000000, sa_flags=0x00000000
SIGXFSZ: [libjvm.so+0x7c2e80], sa_mask[0]=0x7ffbfeff, sa_flags=0x10000004
SIGILL: [libjvm.so+0x7c2e80], sa_mask[0]=0x7ffbfeff, sa_flags=0x10000004
SIGUSR1: SIG_DFL, sa_mask[0]=0x00000000, sa_flags=0x00000000
SIGUSR2: [libjvm.so+0x7c2d20], sa_mask[0]=0x00000000, sa_flags=0x10000004
SIGHUP: [libjvm.so+0x7c2f00], sa_mask[0]=0x7ffbfeff, sa_flags=0x10000004
SIGINT: [libjvm.so+0x7c2f00], sa_mask[0]=0x7ffbfeff, sa_flags=0x10000004
SIGTERM: [libjvm.so+0x7c2f00], sa_mask[0]=0x7ffbfeff, sa_flags=0x10000004
SIGQUIT: [libjvm.so+0x7c2f00], sa_mask[0]=0x7ffbfeff, sa_flags=0x10000004
SIGTRAP: SIG_DFL, sa_mask[0]=0x00000000, sa_flags=0x00000000


---------------  S Y S T E M  ---------------

OS:Ubuntu 14.04 (trusty)
uname:Linux 3.13.0-35-generic #62-Ubuntu SMP Fri Aug 15 01:58:42 UTC 2014 x86_64
libc:glibc 2.19 NPTL 2.19 
rlimit: STACK 8192k, CORE 0k, NPROC 62749, NOFILE 4096, AS infinity
load average:1.63 0.77 0.54

/proc/meminfo:
MemTotal:        8053496 kB
MemFree:          166876 kB
Buffers:             952 kB
Cached:           762152 kB
SwapCached:            0 kB
Active:          6863220 kB
Inactive:         717904 kB
Active(anon):    6826204 kB
Inactive(anon):   670172 kB
Active(file):      37016 kB
Inactive(file):    47732 kB
Unevictable:         152 kB
Mlocked:             152 kB
SwapTotal:             0 kB
SwapFree:              0 kB
Dirty:               500 kB
Writeback:             0 kB
AnonPages:       6819116 kB
Mapped:           331904 kB
Shmem:            677720 kB
Slab:             112540 kB
SReclaimable:      58532 kB
SUnreclaim:        54008 kB
KernelStack:        9640 kB
PageTables:        74168 kB
NFS_Unstable:          0 kB
Bounce:                0 kB
WritebackTmp:          0 kB
CommitLimit:     4026748 kB
Committed_AS:   15278068 kB
VmallocTotal:   34359738367 kB
VmallocUsed:      358308 kB
VmallocChunk:   34359360600 kB
HardwareCorrupted:     0 kB
AnonHugePages:    753664 kB
HugePages_Total:       0
HugePages_Free:        0
HugePages_Rsvd:        0
HugePages_Surp:        0
Hugepagesize:       2048 kB
DirectMap4k:       85456 kB
DirectMap2M:     8181760 kB


CPU:total 8 (4 cores per cpu, 2 threads per core) family 6 model 42 stepping 7, cmov, cx8, fxsr, mmx, sse, sse2, sse3, ssse3, sse4.1, sse4.2, popcnt, avx, aes, ht, tsc, tscinvbit

/proc/cpuinfo:
processor	: 0
vendor_id	: GenuineIntel
cpu family	: 6
model		: 42
model name	: Intel(R) Core(TM) i7-2600 CPU @ 3.40GHz
stepping	: 7
microcode	: 0x25
cpu MHz		: 1600.000
cache size	: 8192 KB
physical id	: 0
siblings	: 8
core id		: 0
cpu cores	: 4
apicid		: 0
initial apicid	: 0
fpu		: yes
fpu_exception	: yes
cpuid level	: 13
wp		: yes
flags		: fpu vme de pse tsc msr pae mce cx8 apic sep mtrr pge mca cmov pat pse36 clflush dts acpi mmx fxsr sse sse2 ss ht tm pbe syscall nx rdtscp lm constant_tsc arch_perfmon pebs bts rep_good nopl xtopology nonstop_tsc aperfmperf eagerfpu pni pclmulqdq dtes64 monitor ds_cpl vmx smx est tm2 ssse3 cx16 xtpr pdcm pcid sse4_1 sse4_2 x2apic popcnt tsc_deadline_timer aes xsave avx lahf_lm ida arat epb xsaveopt pln pts dtherm tpr_shadow vnmi flexpriority ept vpid
bogomips	: 6784.48
clflush size	: 64
cache_alignment	: 64
address sizes	: 36 bits physical, 48 bits virtual
power management:

processor	: 1
vendor_id	: GenuineIntel
cpu family	: 6
model		: 42
model name	: Intel(R) Core(TM) i7-2600 CPU @ 3.40GHz
stepping	: 7
microcode	: 0x25
cpu MHz		: 1600.000
cache size	: 8192 KB
physical id	: 0
siblings	: 8
core id		: 1
cpu cores	: 4
apicid		: 2
initial apicid	: 2
fpu		: yes
fpu_exception	: yes
cpuid level	: 13
wp		: yes
flags		: fpu vme de pse tsc msr pae mce cx8 apic sep mtrr pge mca cmov pat pse36 clflush dts acpi mmx fxsr sse sse2 ss ht tm pbe syscall nx rdtscp lm constant_tsc arch_perfmon pebs bts rep_good nopl xtopology nonstop_tsc aperfmperf eagerfpu pni pclmulqdq dtes64 monitor ds_cpl vmx smx est tm2 ssse3 cx16 xtpr pdcm pcid sse4_1 sse4_2 x2apic popcnt tsc_deadline_timer aes xsave avx lahf_lm ida arat epb xsaveopt pln pts dtherm tpr_shadow vnmi flexpriority ept vpid
bogomips	: 6784.48
clflush size	: 64
cache_alignment	: 64
address sizes	: 36 bits physical, 48 bits virtual
power management:

processor	: 2
vendor_id	: GenuineIntel
cpu family	: 6
model		: 42
model name	: Intel(R) Core(TM) i7-2600 CPU @ 3.40GHz
stepping	: 7
microcode	: 0x25
cpu MHz		: 3401.000
cache size	: 8192 KB
physical id	: 0
siblings	: 8
core id		: 2
cpu cores	: 4
apicid		: 4
initial apicid	: 4
fpu		: yes
fpu_exception	: yes
cpuid level	: 13
wp		: yes
flags		: fpu vme de pse tsc msr pae mce cx8 apic sep mtrr pge mca cmov pat pse36 clflush dts acpi mmx fxsr sse sse2 ss ht tm pbe syscall nx rdtscp lm constant_tsc arch_perfmon pebs bts rep_good nopl xtopology nonstop_tsc aperfmperf eagerfpu pni pclmulqdq dtes64 monitor ds_cpl vmx smx est tm2 ssse3 cx16 xtpr pdcm pcid sse4_1 sse4_2 x2apic popcnt tsc_deadline_timer aes xsave avx lahf_lm ida arat epb xsaveopt pln pts dtherm tpr_shadow vnmi flexpriority ept vpid
bogomips	: 6784.48
clflush size	: 64
cache_alignment	: 64
address sizes	: 36 bits physical, 48 bits virtual
power management:

processor	: 3
vendor_id	: GenuineIntel
cpu family	: 6
model		: 42
model name	: Intel(R) Core(TM) i7-2600 CPU @ 3.40GHz
stepping	: 7
microcode	: 0x25
cpu MHz		: 2400.000
cache size	: 8192 KB
physical id	: 0
siblings	: 8
core id		: 3
cpu cores	: 4
apicid		: 6
initial apicid	: 6
fpu		: yes
fpu_exception	: yes
cpuid level	: 13
wp		: yes
flags		: fpu vme de pse tsc msr pae mce cx8 apic sep mtrr pge mca cmov pat pse36 clflush dts acpi mmx fxsr sse sse2 ss ht tm pbe syscall nx rdtscp lm constant_tsc arch_perfmon pebs bts rep_good nopl xtopology nonstop_tsc aperfmperf eagerfpu pni pclmulqdq dtes64 monitor ds_cpl vmx smx est tm2 ssse3 cx16 xtpr pdcm pcid sse4_1 sse4_2 x2apic popcnt tsc_deadline_timer aes xsave avx lahf_lm ida arat epb xsaveopt pln pts dtherm tpr_shadow vnmi flexpriority ept vpid
bogomips	: 6784.48
clflush size	: 64
cache_alignment	: 64
address sizes	: 36 bits physical, 48 bits virtual
power management:

processor	: 4
vendor_id	: GenuineIntel
cpu family	: 6
model		: 42
model name	: Intel(R) Core(TM) i7-2600 CPU @ 3.40GHz
stepping	: 7
microcode	: 0x25
cpu MHz		: 1600.000
cache size	: 8192 KB
physical id	: 0
siblings	: 8
core id		: 0
cpu cores	: 4
apicid		: 1
initial apicid	: 1
fpu		: yes
fpu_exception	: yes
cpuid level	: 13
wp		: yes
flags		: fpu vme de pse tsc msr pae mce cx8 apic sep mtrr pge mca cmov pat pse36 clflush dts acpi mmx fxsr sse sse2 ss ht tm pbe syscall nx rdtscp lm constant_tsc arch_perfmon pebs bts rep_good nopl xtopology nonstop_tsc aperfmperf eagerfpu pni pclmulqdq dtes64 monitor ds_cpl vmx smx est tm2 ssse3 cx16 xtpr pdcm pcid sse4_1 sse4_2 x2apic popcnt tsc_deadline_timer aes xsave avx lahf_lm ida arat epb xsaveopt pln pts dtherm tpr_shadow vnmi flexpriority ept vpid
bogomips	: 6784.48
clflush size	: 64
cache_alignment	: 64
address sizes	: 36 bits physical, 48 bits virtual
power management:

processor	: 5
vendor_id	: GenuineIntel
cpu family	: 6
model		: 42
model name	: Intel(R) Core(TM) i7-2600 CPU @ 3.40GHz
stepping	: 7
microcode	: 0x25
cpu MHz		: 1600.000
cache size	: 8192 KB
physical id	: 0
siblings	: 8
core id		: 1
cpu cores	: 4
apicid		: 3
initial apicid	: 3
fpu		: yes
fpu_exception	: yes
cpuid level	: 13
wp		: yes
flags		: fpu vme de pse tsc msr pae mce cx8 apic sep mtrr pge mca cmov pat pse36 clflush dts acpi mmx fxsr sse sse2 ss ht tm pbe syscall nx rdtscp lm constant_tsc arch_perfmon pebs bts rep_good nopl xtopology nonstop_tsc aperfmperf eagerfpu pni pclmulqdq dtes64 monitor ds_cpl vmx smx est tm2 ssse3 cx16 xtpr pdcm pcid sse4_1 sse4_2 x2apic popcnt tsc_deadline_timer aes xsave avx lahf_lm ida arat epb xsaveopt pln pts dtherm tpr_shadow vnmi flexpriority ept vpid
bogomips	: 6784.48
clflush size	: 64
cache_alignment	: 64
address sizes	: 36 bits physical, 48 bits virtual
power management:

processor	: 6
vendor_id	: GenuineIntel
cpu family	: 6
model		: 42
model name	: Intel(R) Core(TM) i7-2600 CPU @ 3.40GHz
stepping	: 7
microcode	: 0x25
cpu MHz		: 1600.000
cache size	: 8192 KB
physical id	: 0
siblings	: 8
core id		: 2
cpu cores	: 4
apicid		: 5
initial apicid	: 5
fpu		: yes
fpu_exception	: yes
cpuid level	: 13
wp		: yes
flags		: fpu vme de pse tsc msr pae mce cx8 apic sep mtrr pge mca cmov pat pse36 clflush dts acpi mmx fxsr sse sse2 ss ht tm pbe syscall nx rdtscp lm constant_tsc arch_perfmon pebs bts rep_good nopl xtopology nonstop_tsc aperfmperf eagerfpu pni pclmulqdq dtes64 monitor ds_cpl vmx smx est tm2 ssse3 cx16 xtpr pdcm pcid sse4_1 sse4_2 x2apic popcnt tsc_deadline_timer aes xsave avx lahf_lm ida arat epb xsaveopt pln pts dtherm tpr_shadow vnmi flexpriority ept vpid
bogomips	: 6784.48
clflush size	: 64
cache_alignment	: 64
address sizes	: 36 bits physical, 48 bits virtual
power management:

processor	: 7
vendor_id	: GenuineIntel
cpu family	: 6
model		: 42
model name	: Intel(R) Core(TM) i7-2600 CPU @ 3.40GHz
stepping	: 7
microcode	: 0x25
cpu MHz		: 1600.000
cache size	: 8192 KB
physical id	: 0
siblings	: 8
core id		: 3
cpu cores	: 4
apicid		: 7
initial apicid	: 7
fpu		: yes
fpu_exception	: yes
cpuid level	: 13
wp		: yes
flags		: fpu vme de pse tsc msr pae mce cx8 apic sep mtrr pge mca cmov pat pse36 clflush dts acpi mmx fxsr sse sse2 ss ht tm pbe syscall nx rdtscp lm constant_tsc arch_perfmon pebs bts rep_good nopl xtopology nonstop_tsc aperfmperf eagerfpu pni pclmulqdq dtes64 monitor ds_cpl vmx smx est tm2 ssse3 cx16 xtpr pdcm pcid sse4_1 sse4_2 x2apic popcnt tsc_deadline_timer aes xsave avx lahf_lm ida arat epb xsaveopt pln pts dtherm tpr_shadow vnmi flexpriority ept vpid
bogomips	: 6784.48
clflush size	: 64
cache_alignment	: 64
address sizes	: 36 bits physical, 48 bits virtual
power management:



Memory: 4k page, physical 8053496k(166876k free), swap 0k(0k free)

vm_info: OpenJDK 64-Bit Server VM (24.65-b04) for linux-amd64 JRE (1.7.0_65-b32), built on Aug 23 2014 13:33:31 by "buildd" with gcc 4.8.2

time: Fri Sep 26 13:08:56 2014
elapsed time: 7 seconds

